<?xml version="1.0" encoding="UTF-8"?>
<!-- Generated by org.testng.reporters.JUnitReportReporter -->
<testsuite hostname="dashree-PC" name="com.urlcat.reset.Test_Automation_ResetData" tests="1" failures="0" timestamp="20 Aug 2018 10:38:36 GMT" time="3.057" errors="0">
  <testcase name="updateUrlCategory" time="3.057" classname="com.urlcat.reset.Test_Automation_ResetData"/>
</testsuite>
