<?xml version="1.0" encoding="UTF-8"?>
<!-- Generated by org.testng.reporters.JUnitReportReporter -->
<testsuite hostname="dashree-PC" name="com.urlcat.tests.client.Test_Automation_01" tests="1" failures="0" timestamp="22 Aug 2018 09:48:17 GMT" time="11.722" errors="0">
  <testcase name="checkForDomain" time="11.722" classname="com.urlcat.tests.client.Test_Automation_01"/>
</testsuite>
