<?xml version="1.0" encoding="UTF-8"?>
<!-- Generated by org.testng.reporters.JUnitReportReporter -->
<testsuite hostname="dashree-PC" name="com.urlcat.demo.Demo" tests="1" failures="0" timestamp="27 Aug 2018 05:25:26 GMT" time="1.882" errors="0">
  <testcase name="demo" time="1.882" classname="com.urlcat.demo.Demo"/>
</testsuite>
