<?xml version="1.0" encoding="UTF-8"?>
<!-- Generated by org.testng.reporters.JUnitReportReporter -->
<testsuite hostname="dashree-PC" name="com.urlcat.demo.Demo" tests="1" failures="0" timestamp="22 Aug 2018 12:33:24 GMT" time="80.637" errors="0">
  <testcase name="demo" time="80.637" classname="com.urlcat.demo.Demo"/>
</testsuite>
