<?xml version="1.0" encoding="UTF-8"?>
<!-- Generated by org.testng.reporters.JUnitReportReporter -->
<testsuite hostname="dashree-PC" name="com.urlcat.tests.server.Test_Automation_01" tests="1" failures="0" timestamp="20 Aug 2018 13:17:27 GMT" time="6.941" errors="0">
  <testcase name="updateFromServer" time="6.941" classname="com.urlcat.tests.server.Test_Automation_01"/>
</testsuite>
