<?xml version="1.0" encoding="UTF-8"?>
<!-- Generated by org.testng.reporters.JUnitReportReporter -->
<testsuite hostname="dashree-PC" name="com.urlcat.tests.client.Test_Automation_02" tests="1" failures="0" timestamp="20 Aug 2018 13:07:14 GMT" time="9.583" errors="0">
  <testcase name="updatedCategoryReceived" time="9.583" classname="com.urlcat.tests.client.Test_Automation_02"/>
</testsuite>
