<?xml version="1.0" encoding="UTF-8"?>
<!-- Generated by org.testng.reporters.JUnitReportReporter -->
<testsuite hostname="dashree-PC" name="com.urlcat.tests.server.Test_Automation_01" tests="1" failures="0" timestamp="22 Aug 2018 10:10:47 GMT" time="8.709" errors="0">
  <testcase name="updateFromServer" time="8.709" classname="com.urlcat.tests.server.Test_Automation_01"/>
</testsuite>
