<?xml version="1.0" encoding="UTF-8"?>
<!-- Generated by org.testng.reporters.JUnitReportReporter -->
<testsuite hostname="dashree-PC" name="com.urlcat.tests.client.Test_Automation_01" tests="1" failures="0" timestamp="20 Aug 2018 13:06:42 GMT" time="9.608" errors="0">
  <testcase name="checkForDomain" time="9.608" classname="com.urlcat.tests.client.Test_Automation_01"/>
</testsuite>
