<?xml version="1.0" encoding="UTF-8"?>
<!-- Generated by org.testng.reporters.JUnitReportReporter -->
<testsuite hostname="dashree-PC" name="com.urlcat.tests.client.Test_Automation_02" tests="1" failures="0" timestamp="22 Aug 2018 09:57:51 GMT" time="13.908" errors="0">
  <testcase name="updatedCategoryReceived" time="13.908" classname="com.urlcat.tests.client.Test_Automation_02"/>
</testsuite>
